<?xml version="1.0" encoding="UTF-8"?>
<!-- Generated by org.testng.reporters.JUnitReportReporter -->
<testsuite hostname="UmEsH" failures="0" tests="6" name="POM.demo" time="0.926" errors="0" timestamp="2022-06-05T12:32:31 IST" skipped="1">
  <testcase classname="POM.demo" name="test4" time="0.001"/>
  <system-out/>
  <testcase classname="POM.demo" name="test1" time="0.921"/>
  <system-out/>
  <testcase classname="POM.demo" name="test3" time="0.000"/>
  <system-out/>
  <testcase classname="POM.demo" name="test3" time="0.001"/>
  <system-out/>
  <testcase classname="POM.demo" name="test3" time="0.003"/>
  <system-out/>
  <testcase classname="POM.demo" name="test2">
    <skipped/>
  </testcase> <!-- test2 -->
  <system-out/>
</testsuite> <!-- POM.demo -->
