<?xml version="1.0" encoding="UTF-8"?>
<!-- Generated by org.testng.reporters.JUnitReportReporter -->
<testsuite hostname="UmEsH" failures="0" tests="1" name="ZerodhaTest.MyListenersTest" time="12.934" errors="0" timestamp="2022-06-19T12:31:01 IST" skipped="0">
  <testcase classname="ZerodhaTest.MyListenersTest" name="ValidCredential" time="12.934"/>
  <system-out/>
</testsuite> <!-- ZerodhaTest.MyListenersTest -->
