<?xml version="1.0" encoding="UTF-8"?>
<!-- Generated by org.testng.reporters.JUnitReportReporter -->
<testsuite hostname="UmEsH" failures="0" tests="1" name="ZerodhaTest.LoginTest" time="5.604" errors="0" timestamp="2022-06-18T20:35:19 IST" skipped="0">
  <testcase classname="ZerodhaTest.LoginTest" name="ForgotpassTest" time="5.604"/>
  <system-out/>
</testsuite> <!-- ZerodhaTest.LoginTest -->
