<?xml version="1.0" encoding="UTF-8"?>
<!-- Generated by org.testng.reporters.JUnitReportReporter -->
<testsuite hostname="UmEsH" failures="0" tests="6" name="POJO.Browser" time="0.934" errors="0" timestamp="2022-06-02T22:57:35 IST" skipped="0">
  <testcase classname="POJO.Browser" name="Test4" time="0.013"/>
  <system-out/>
  <testcase classname="POJO.Browser" name="Test3" time="0.005"/>
  <system-out/>
  <testcase classname="POJO.Browser" name="Test1" time="0.909"/>
  <system-out/>
  <testcase classname="POJO.Browser" name="Test2" time="0.004"/>
  <system-out/>
  <testcase classname="POJO.Browser" name="Test2" time="0.002"/>
  <system-out/>
  <testcase classname="POJO.Browser" name="Test2" time="0.001"/>
  <system-out/>
</testsuite> <!-- POJO.Browser -->
